TN:
SF:src/grammar/array.ts
FN:17,arrayRange
FN:34,arrayAppend
FN:51,arrayReverse
FN:68,arrayShuffle
FN:92,arraySort
FN:100,compareFunction
FN:122,arrayDistinct
FN:141,arrayToObject
FN:169,mapField
FN:189,arrayMap
FN:212,arrayAny
FN:235,arrayEvery
FN:258,arrayFilter
FN:281,arrayFind
FN:301,arrayFindIndex
FN:325,arrayReduce
FN:350,arrayJoin
FNF:17
FNH:13
FNDA:0,arrayRange
FNDA:9,arrayAppend
FNDA:2,arrayReverse
FNDA:0,arrayShuffle
FNDA:5,arraySort
FNDA:6,compareFunction
FNDA:1,arrayDistinct
FNDA:3,arrayToObject
FNDA:2,mapField
FNDA:15,arrayMap
FNDA:4,arrayAny
FNDA:2,arrayEvery
FNDA:1,arrayFilter
FNDA:0,arrayFind
FNDA:0,arrayFindIndex
FNDA:3,arrayReduce
FNDA:4,arrayJoin
DA:1,1
DA:17,1
DA:18,0
DA:19,0
DA:20,0
DA:34,1
DA:35,9
DA:36,9
DA:37,9
DA:51,1
DA:52,2
DA:53,2
DA:54,2
DA:68,1
DA:69,0
DA:70,0
DA:71,0
DA:72,0
DA:73,0
DA:74,0
DA:75,0
DA:92,1
DA:93,5
DA:94,5
DA:95,5
DA:96,5
DA:97,5
DA:98,5
DA:99,1
DA:100,1
DA:101,6
DA:102,6
DA:103,6
DA:104,4
DA:105,0
DA:106,6
DA:107,1
DA:108,1
DA:122,1
DA:123,1
DA:124,1
DA:125,1
DA:141,1
DA:142,3
DA:143,3
DA:144,3
DA:145,7
DA:146,2
DA:147,2
DA:148,7
DA:149,5
DA:150,5
DA:151,5
DA:152,0
DA:153,3
DA:154,3
DA:169,1
DA:170,2
DA:171,2
DA:172,2
DA:189,1
DA:190,15
DA:191,15
DA:192,15
DA:193,47
DA:194,15
DA:195,15
DA:212,1
DA:213,4
DA:214,4
DA:215,4
DA:216,8
DA:217,4
DA:218,4
DA:235,1
DA:236,2
DA:237,2
DA:238,2
DA:239,4
DA:240,2
DA:241,2
DA:258,1
DA:259,1
DA:260,1
DA:261,1
DA:262,5
DA:263,1
DA:264,1
DA:281,1
DA:282,0
DA:283,0
DA:284,0
DA:285,0
DA:286,0
DA:287,0
DA:301,1
DA:302,0
DA:303,0
DA:304,0
DA:305,0
DA:306,0
DA:307,0
DA:325,1
DA:326,3
DA:327,3
DA:328,3
DA:329,3
DA:330,3
DA:331,3
DA:332,3
DA:333,9
DA:334,3
DA:335,3
DA:350,1
DA:351,4
DA:352,4
DA:353,4
DA:354,0
DA:355,0
LF:119
LH:93
BRDA:34,0,0,9
BRDA:35,1,0,0
BRDA:51,2,0,2
BRDA:52,3,0,0
BRDA:92,4,0,5
BRDA:97,5,0,0
BRDA:98,6,0,4
BRDA:98,7,0,1
BRDA:100,8,0,6
BRDA:103,9,0,2
BRDA:103,10,0,0
BRDA:103,11,0,4
BRDA:104,12,0,0
BRDA:104,13,0,0
BRDA:122,14,0,1
BRDA:123,15,0,0
BRDA:141,16,0,3
BRDA:142,17,0,0
BRDA:143,18,0,0
BRDA:144,19,0,7
BRDA:145,20,0,2
BRDA:145,21,0,2
BRDA:148,22,0,5
BRDA:151,23,0,0
BRDA:169,24,0,2
BRDA:170,25,0,0
BRDA:171,26,0,8
BRDA:189,27,0,15
BRDA:190,28,0,0
BRDA:192,29,0,47
BRDA:212,30,0,4
BRDA:213,31,0,0
BRDA:215,32,0,8
BRDA:235,33,0,2
BRDA:236,34,0,0
BRDA:238,35,0,4
BRDA:258,36,0,1
BRDA:259,37,0,0
BRDA:261,38,0,5
BRDA:325,39,0,3
BRDA:330,40,0,0
BRDA:332,41,0,9
BRDA:350,42,0,4
BRDA:353,43,0,0
BRF:44
BRH:27
end_of_record
TN:
SF:src/grammar/conversion.ts
FN:15,toString
FN:31,toJson
FN:47,toNumber
FN:65,parseInteger
FN:87,toBoolean
FN:113,formatNumber
FN:140,formatBase
FN:161,formatInteger
FNF:8
FNH:8
FNDA:4,toString
FNDA:1,toJson
FNDA:81,toNumber
FNDA:4,parseInteger
FNDA:16,toBoolean
FNDA:2,formatNumber
FNDA:1,formatBase
FNDA:1,formatInteger
DA:1,1
DA:15,1
DA:16,4
DA:17,4
DA:31,1
DA:32,1
DA:33,1
DA:47,1
DA:48,81
DA:49,4
DA:50,0
DA:51,0
DA:65,1
DA:66,4
DA:67,2
DA:68,2
DA:69,2
DA:70,2
DA:71,0
DA:72,0
DA:87,1
DA:88,16
DA:89,16
DA:90,10
DA:91,10
DA:92,10
DA:93,10
DA:94,10
DA:95,3
DA:96,10
DA:97,0
DA:98,0
DA:113,1
DA:114,2
DA:115,2
DA:116,2
DA:117,0
DA:118,2
DA:119,0
DA:120,2
DA:121,2
DA:122,2
DA:123,2
DA:124,2
DA:125,2
DA:140,1
DA:141,1
DA:142,1
DA:143,1
DA:144,0
DA:145,1
DA:146,1
DA:161,1
DA:162,1
DA:163,1
DA:164,1
LF:56
LH:47
BRDA:15,0,0,4
BRDA:16,1,0,1
BRDA:16,2,0,3
BRDA:31,3,0,1
BRDA:47,4,0,81
BRDA:48,5,0,77
BRDA:48,6,0,51
BRDA:48,7,0,4
BRDA:49,8,0,0
BRDA:65,9,0,4
BRDA:66,10,0,2
BRDA:70,11,0,0
BRDA:87,12,0,16
BRDA:88,13,0,2
BRDA:88,14,0,14
BRDA:89,15,0,4
BRDA:89,16,0,10
BRDA:91,17,0,8
BRDA:92,18,0,3
BRDA:92,19,0,7
BRDA:93,20,0,3
BRDA:94,21,0,4
BRDA:94,22,0,3
BRDA:96,23,0,0
BRDA:113,24,0,2
BRDA:116,25,0,0
BRDA:118,26,0,0
BRDA:140,27,0,1
BRDA:143,28,0,0
BRDA:145,29,0,0
BRDA:161,30,0,1
BRDA:163,31,0,0
BRF:32
BRH:24
end_of_record
TN:
SF:src/grammar/datetime.ts
FN:19,now
FN:33,millis
FN:51,toDateTime
FN:84,dateTimeFormat
FN:118,dateTimeToMillis
FN:136,dateTimeAdd
FN:158,convertTimeZone
FN:179,pad
FN:237,localTimeToIsoWithOffset
FNF:9
FNH:9
FNDA:4,now
FNDA:4,millis
FNDA:10,toDateTime
FNDA:2,dateTimeFormat
FNDA:4,dateTimeToMillis
FNDA:2,dateTimeAdd
FNDA:8,convertTimeZone
FNDA:6,pad
FNDA:1,localTimeToIsoWithOffset
DA:1,1
DA:19,1
DA:20,4
DA:21,4
DA:33,1
DA:34,4
DA:35,4
DA:51,1
DA:52,10
DA:53,6
DA:54,6
DA:55,4
DA:56,4
DA:58,2
DA:59,2
DA:60,2
DA:61,2
DA:62,2
DA:63,2
DA:64,2
DA:65,2
DA:66,0
DA:67,0
DA:68,0
DA:69,0
DA:70,0
DA:84,1
DA:85,2
DA:86,2
DA:87,2
DA:88,2
DA:89,2
DA:90,1
DA:91,1
DA:92,1
DA:93,1
DA:94,0
DA:95,0
DA:98,2
DA:99,2
DA:100,2
DA:103,2
DA:104,2
DA:118,1
DA:119,4
DA:120,4
DA:136,1
DA:138,2
DA:139,0
DA:140,2
DA:141,2
DA:142,2
DA:144,2
DA:158,1
DA:159,8
DA:160,8
DA:161,8
DA:162,8
DA:163,8
DA:164,8
DA:165,8
DA:166,8
DA:167,8
DA:170,8
DA:171,8
DA:172,3
DA:173,3
DA:174,3
DA:175,3
DA:176,3
DA:177,3
DA:178,3
DA:179,3
DA:180,3
DA:181,3
DA:182,3
DA:183,3
DA:184,3
DA:185,3
DA:186,3
DA:187,3
DA:188,3
DA:191,5
DA:192,8
DA:193,2
DA:194,2
DA:195,2
DA:196,2
DA:197,2
DA:198,2
DA:199,2
DA:200,8
DA:201,2
DA:202,2
DA:205,5
DA:206,5
DA:207,5
DA:208,5
DA:209,5
DA:211,5
DA:212,5
DA:213,5
DA:214,5
DA:216,8
DA:217,2
DA:218,2
DA:219,5
DA:220,8
DA:221,0
DA:222,0
DA:223,8
DA:237,1
DA:238,1
DA:239,1
DA:240,1
DA:241,1
DA:242,1
DA:243,1
DA:244,1
DA:245,1
DA:246,1
DA:247,1
DA:248,1
DA:249,1
DA:250,1
DA:251,1
DA:252,1
DA:253,1
DA:254,0
DA:255,0
DA:256,1
LF:131
LH:119
BRDA:19,0,0,4
BRDA:33,1,0,4
BRDA:51,2,0,10
BRDA:52,3,0,6
BRDA:54,4,0,4
BRDA:56,5,0,2
BRDA:59,6,0,0
BRDA:61,7,0,0
BRDA:65,8,0,0
BRDA:84,9,0,2
BRDA:89,10,0,1
BRDA:93,11,0,0
BRDA:118,12,0,4
BRDA:136,13,0,2
BRDA:138,14,0,0
BRDA:158,15,0,8
BRDA:163,16,0,0
BRDA:166,17,0,0
BRDA:171,18,0,3
BRDA:172,19,0,1
BRDA:172,20,0,2
BRDA:188,21,0,5
BRDA:192,22,0,4
BRDA:192,23,0,2
BRDA:198,24,0,0
BRDA:199,25,0,5
BRDA:200,26,0,3
BRDA:200,27,0,2
BRDA:202,28,0,5
BRDA:216,29,0,2
BRDA:216,30,0,2
BRDA:218,31,0,5
BRDA:220,32,0,0
BRDA:179,33,0,6
BRDA:213,34,0,5
BRDA:237,35,0,1
BRDA:253,36,0,0
BRDA:250,37,0,1
BRF:38
BRH:28
end_of_record
TN:
SF:src/grammar/encoding.ts
FN:13,base64Encode
FN:39,base64Decode
FN:60,formUrlEncoded
FNF:3
FNH:3
FNDA:2,base64Encode
FNDA:2,base64Decode
FNDA:1,formUrlEncoded
DA:13,1
DA:14,2
DA:15,2
DA:16,2
DA:17,2
DA:18,2
DA:19,2
DA:20,2
DA:21,0
DA:22,0
DA:23,2
DA:24,0
DA:25,0
DA:39,1
DA:40,2
DA:41,2
DA:42,2
DA:43,2
DA:44,2
DA:45,0
DA:46,0
DA:60,1
DA:61,1
DA:62,0
DA:63,1
DA:64,1
DA:65,1
DA:66,1
DA:67,1
DA:68,1
DA:69,1
DA:70,0
DA:71,0
LF:33
LH:24
BRDA:13,0,0,2
BRDA:20,1,0,0
BRDA:23,2,0,0
BRDA:39,3,0,2
BRDA:44,4,0,0
BRDA:42,5,0,24
BRDA:60,6,0,1
BRDA:61,7,0,0
BRDA:69,8,0,0
BRDA:66,9,0,2
BRF:10
BRH:5
end_of_record
TN:
SF:src/grammar/index.ts
FNF:0
FNH:0
DA:1,1
DA:2,1
DA:3,1
DA:4,1
DA:5,1
DA:6,1
DA:7,1
DA:8,1
LF:8
LH:8
BRF:0
BRH:0
end_of_record
TN:
SF:src/grammar/math.ts
FN:15,absoluteValue
FN:32,floor
FN:49,ceil
FN:67,round
FN:89,power
FN:107,sqrt
FN:122,randomNumber
FN:138,sum
FN:155,max
FN:172,min
FN:189,average
FNF:11
FNH:10
FNDA:0,absoluteValue
FNDA:1,floor
FNDA:9,ceil
FNDA:1,round
FNDA:2,power
FNDA:1,sqrt
FNDA:1,randomNumber
FNDA:12,sum
FNDA:1,max
FNDA:1,min
FNDA:8,average
DA:1,1
DA:15,1
DA:16,0
DA:17,0
DA:18,0
DA:32,1
DA:33,1
DA:34,1
DA:35,1
DA:49,1
DA:50,9
DA:51,9
DA:52,9
DA:67,1
DA:68,1
DA:69,1
DA:70,0
DA:71,1
DA:72,1
DA:73,0
DA:74,1
DA:89,1
DA:90,2
DA:91,2
DA:92,2
DA:93,2
DA:107,1
DA:108,1
DA:109,1
DA:110,1
DA:122,1
DA:123,1
DA:124,1
DA:138,1
DA:139,12
DA:140,12
DA:141,12
DA:155,1
DA:156,1
DA:157,1
DA:158,1
DA:172,1
DA:173,1
DA:174,1
DA:175,1
DA:189,1
DA:190,8
DA:191,8
DA:192,8
DA:193,8
LF:50
LH:45
BRDA:32,0,0,1
BRDA:34,1,0,0
BRDA:49,2,0,9
BRDA:51,3,0,0
BRDA:67,4,0,1
BRDA:69,5,0,0
BRDA:72,6,0,0
BRDA:89,7,0,2
BRDA:91,8,0,1
BRDA:91,9,0,1
BRDA:92,10,0,0
BRDA:107,11,0,1
BRDA:109,12,0,0
BRDA:122,13,0,1
BRDA:138,14,0,12
BRDA:139,15,0,0
BRDA:140,16,0,46
BRDA:155,17,0,1
BRDA:156,18,0,0
BRDA:172,19,0,1
BRDA:173,20,0,0
BRDA:189,21,0,8
BRDA:190,22,0,0
BRF:23
BRH:13
end_of_record
TN:
SF:src/grammar/object.ts
FN:13,objectKeys
FN:32,objectValues
FN:51,objectEntries
FN:70,objectMerge
FNF:4
FNH:3
FNDA:1,objectKeys
FNDA:1,objectValues
FNDA:0,objectEntries
FNDA:4,objectMerge
DA:13,1
DA:14,1
DA:15,1
DA:16,1
DA:17,0
DA:18,0
DA:32,1
DA:33,1
DA:34,1
DA:35,1
DA:36,0
DA:37,0
DA:51,1
DA:52,0
DA:53,0
DA:54,0
DA:55,0
DA:56,0
DA:70,1
DA:71,4
DA:72,7
DA:73,4
DA:74,4
DA:75,3
DA:76,3
DA:77,4
DA:78,4
DA:79,4
DA:80,4
DA:81,3
DA:82,3
DA:83,4
DA:84,4
LF:33
LH:24
BRDA:13,0,0,1
BRDA:16,1,0,0
BRDA:32,2,0,1
BRDA:35,3,0,0
BRDA:70,4,0,4
BRDA:71,5,0,7
BRDA:72,6,0,4
BRDA:72,7,0,4
BRDA:72,8,0,4
BRDA:74,9,0,3
BRDA:76,10,0,4
BRF:11
BRH:9
end_of_record
TN:
SF:src/grammar/string.ts
FN:15,substring
FN:54,substringBefore
FN:75,substringAfter
FN:96,uppercase
FN:112,lowercase
FN:129,camelCase
FN:152,pascalCase
FN:173,trim
FN:197,pad
FN:219,contains
FN:239,startsWith
FN:259,endsWith
FN:279,split
FN:300,replace
FNF:14
FNH:14
FNDA:3,substring
FNDA:4,substringBefore
FNDA:4,substringAfter
FNDA:3,uppercase
FNDA:4,lowercase
FNDA:4,camelCase
FNDA:3,pascalCase
FNDA:3,trim
FNDA:3,pad
FNDA:5,contains
FNDA:3,startsWith
FNDA:1,endsWith
FNDA:4,split
FNDA:3,replace
DA:1,1
DA:15,1
DA:16,3
DA:17,3
DA:18,3
DA:19,3
DA:20,3
DA:21,3
DA:22,1
DA:23,1
DA:24,3
DA:25,3
DA:26,3
DA:28,3
DA:29,1
DA:30,1
DA:31,0
DA:32,0
DA:33,1
DA:34,3
DA:35,1
DA:36,1
DA:37,3
DA:38,0
DA:39,0
DA:40,3
DA:41,3
DA:42,0
DA:43,0
DA:54,1
DA:55,4
DA:56,4
DA:57,4
DA:58,4
DA:59,1
DA:60,1
DA:61,3
DA:62,3
DA:75,1
DA:76,4
DA:77,4
DA:78,4
DA:79,4
DA:80,1
DA:81,1
DA:82,3
DA:83,3
DA:96,1
DA:97,3
DA:98,3
DA:99,3
DA:112,1
DA:113,4
DA:114,4
DA:115,4
DA:129,1
DA:130,4
DA:131,4
DA:132,4
DA:133,4
DA:134,9
DA:135,5
DA:136,4
DA:137,4
DA:138,4
DA:152,1
DA:153,3
DA:154,3
DA:155,3
DA:156,3
DA:157,3
DA:158,3
DA:173,1
DA:174,3
DA:175,3
DA:176,1
DA:177,1
DA:178,2
DA:179,2
DA:180,0
DA:181,0
DA:197,1
DA:198,3
DA:199,3
DA:200,1
DA:201,2
DA:202,2
DA:203,2
DA:204,3
DA:219,1
DA:220,5
DA:221,5
DA:222,5
DA:223,0
DA:224,0
DA:239,1
DA:240,3
DA:241,3
DA:242,3
DA:243,0
DA:244,0
DA:259,1
DA:260,1
DA:261,1
DA:262,1
DA:263,0
DA:264,0
DA:279,1
DA:280,4
DA:281,4
DA:282,4
DA:283,0
DA:284,0
DA:300,1
DA:301,3
DA:302,3
DA:303,3
DA:304,3
DA:305,3
DA:306,3
DA:307,3
DA:308,3
DA:309,0
DA:310,0
LF:124
LH:106
BRDA:15,0,0,3
BRDA:21,1,0,1
BRDA:26,2,0,1
BRDA:28,3,0,1
BRDA:30,4,0,0
BRDA:34,5,0,1
BRDA:37,6,0,0
BRDA:41,7,0,0
BRDA:54,8,0,4
BRDA:55,9,0,3
BRDA:55,10,0,1
BRDA:56,11,0,3
BRDA:56,12,0,1
BRDA:58,13,0,1
BRDA:60,14,0,3
BRDA:75,15,0,4
BRDA:76,16,0,3
BRDA:76,17,0,1
BRDA:77,18,0,3
BRDA:77,19,0,1
BRDA:79,20,0,1
BRDA:81,21,0,3
BRDA:96,22,0,3
BRDA:97,23,0,2
BRDA:97,24,0,1
BRDA:112,25,0,4
BRDA:113,26,0,3
BRDA:113,27,0,1
BRDA:129,28,0,4
BRDA:130,29,0,0
BRDA:133,30,0,9
BRDA:134,31,0,4
BRDA:134,32,0,5
BRDA:152,33,0,3
BRDA:153,34,0,0
BRDA:156,35,0,6
BRDA:173,36,0,3
BRDA:175,37,0,1
BRDA:177,38,0,2
BRDA:179,39,0,0
BRDA:197,40,0,3
BRDA:198,41,0,0
BRDA:199,42,0,2
BRDA:199,43,0,1
BRDA:219,44,0,5
BRDA:220,45,0,3
BRDA:222,46,0,0
BRDA:239,47,0,3
BRDA:242,48,0,0
BRDA:259,49,0,1
BRDA:262,50,0,0
BRDA:279,51,0,4
BRDA:282,52,0,0
BRDA:300,53,0,3
BRDA:306,54,0,1
BRDA:306,55,0,2
BRDA:308,56,0,0
BRF:57
BRH:45
end_of_record
TN:
SF:src/grammar/utility.ts
FN:16,length
FN:42,not
FN:56,switchCase
FN:93,_eval
FN:114,uuid
FN:136,getType
FNF:6
FNH:5
FNDA:8,length
FNDA:2,not
FNDA:3,switchCase
FNDA:3,_eval
FNDA:0,uuid
FNDA:6,getType
DA:1,1
DA:16,1
DA:17,8
DA:18,1
DA:19,1
DA:20,8
DA:21,6
DA:22,6
DA:23,8
DA:24,1
DA:25,1
DA:26,0
DA:27,0
DA:42,1
DA:43,2
DA:44,2
DA:56,1
DA:57,3
DA:59,3
DA:61,3
DA:62,8
DA:63,8
DA:64,2
DA:65,2
DA:66,8
DA:68,1
DA:69,1
DA:70,1
DA:71,1
DA:73,0
DA:74,0
DA:93,1
DA:94,3
DA:95,1
DA:96,1
DA:97,1
DA:98,2
DA:99,2
DA:100,2
DA:101,0
DA:102,0
DA:114,1
DA:115,0
DA:116,0
DA:136,1
DA:137,6
DA:138,6
DA:139,5
DA:140,5
LF:49
LH:41
BRDA:16,0,0,8
BRDA:17,1,0,1
BRDA:19,2,0,7
BRDA:20,3,0,6
BRDA:22,4,0,1
BRDA:23,5,0,4
BRDA:23,6,0,1
BRDA:25,7,0,0
BRDA:42,8,0,2
BRDA:56,9,0,3
BRDA:57,10,0,0
BRDA:61,11,0,8
BRDA:63,12,0,2
BRDA:66,13,0,1
BRDA:71,14,0,0
BRDA:93,15,0,3
BRDA:94,16,0,1
BRDA:95,17,0,0
BRDA:97,18,0,2
BRDA:100,19,0,0
BRDA:136,20,0,6
BRDA:137,21,0,0
BRDA:138,22,0,1
BRDA:138,23,0,5
BRF:24
BRH:18
end_of_record
